<?xml version="1.0" encoding="UTF-8"?>
<testng-results ignored="0" total="1" passed="1" failed="0" skipped="0">
  <reporter-output>
  </reporter-output>
  <suite started-at="2021-07-30T12:25:31 IST" name="Suite" finished-at="2021-07-30T12:26:31 IST" duration-ms="60419">
    <groups>
    </groups>
    <test started-at="2021-07-30T12:25:31 IST" name="Test" finished-at="2021-07-30T12:26:31 IST" duration-ms="60419">
      <class name="com.testcases.HomePageTest">
        <test-method is-config="true" signature="LogInitializer()[pri:0, instance:com.testcases.HomePageTest@49049a04]" started-at="2021-07-30T12:25:31 IST" name="LogInitializer" finished-at="2021-07-30T12:25:31 IST" duration-ms="333" status="PASS">
          <reporter-output>
          </reporter-output>
        </test-method> <!-- LogInitializer -->
        <test-method is-config="true" signature="setup()[pri:0, instance:com.testcases.HomePageTest@49049a04]" started-at="2021-07-30T12:25:31 IST" name="setup" finished-at="2021-07-30T12:25:45 IST" duration-ms="14116" status="PASS">
          <reporter-output>
          </reporter-output>
        </test-method> <!-- setup -->
        <test-method signature="testNavigateToFlipkartHomePage()[pri:0, instance:com.testcases.HomePageTest@49049a04]" started-at="2021-07-30T12:25:45 IST" name="testNavigateToFlipkartHomePage" finished-at="2021-07-30T12:26:31 IST" duration-ms="46243" status="PASS">
          <reporter-output>
          </reporter-output>
        </test-method> <!-- testNavigateToFlipkartHomePage -->
        <test-method is-config="true" signature="closer()[pri:0, instance:com.testcases.HomePageTest@49049a04]" started-at="2021-07-30T12:26:31 IST" name="closer" finished-at="2021-07-30T12:26:31 IST" duration-ms="1" status="PASS">
          <reporter-output>
          </reporter-output>
        </test-method> <!-- closer -->
        <test-method is-config="true" signature="afterSuite()[pri:0, instance:com.testcases.HomePageTest@49049a04]" started-at="2021-07-30T12:26:31 IST" name="afterSuite" finished-at="2021-07-30T12:26:32 IST" duration-ms="669" status="PASS">
          <reporter-output>
          </reporter-output>
        </test-method> <!-- afterSuite -->
      </class> <!-- com.testcases.HomePageTest -->
    </test> <!-- Test -->
  </suite> <!-- Suite -->
</testng-results>
